2024-06-17T22:39:30.602Z - Server started on port 3306
2024-06-17T22:39:46.553Z - Requested URL: /
2024-06-17T22:39:46.610Z - Requested URL: /favicon.ico
2024-06-17T22:39:46.611Z - Error: Not Found
2024-06-17T22:39:49.232Z - Requested URL: /
2024-06-17T22:39:50.070Z - Requested URL: /admin
2024-06-17T22:39:50.071Z - Admin page accessed
2024-06-17T22:39:55.421Z - Requested URL: /login
2024-06-17T22:39:56.919Z - Requested URL: /admin
2024-06-17T22:39:56.920Z - Admin page accessed
2024-06-17T22:39:57.148Z - Requested URL: /admin
2024-06-17T22:39:57.149Z - Admin page accessed
2024-06-17T22:39:57.372Z - Requested URL: /admin
2024-06-17T22:39:57.372Z - Admin page accessed
2024-06-17T22:39:57.615Z - Requested URL: /admin
2024-06-17T22:39:57.616Z - Admin page accessed
2024-06-17T22:40:00.871Z - Requested URL: /filter
2024-06-17T22:40:02.039Z - Requested URL: /filter
2024-06-17T22:40:02.228Z - Requested URL: /filter
2024-06-17T22:40:02.583Z - Requested URL: /login
2024-06-17T22:40:03.047Z - Requested URL: /filter
2024-06-17T22:40:04.103Z - Requested URL: /login
2024-06-17T22:40:05.806Z - Requested URL: /register
2024-06-17T22:40:18.245Z - Requested URL: /register
2024-06-17T22:40:18.253Z - Requested URL: /login
2024-06-17T22:40:21.950Z - Requested URL: /login
2024-06-17T22:40:21.954Z - Requested URL: /
2024-06-17T22:40:26.925Z - Requested URL: /filter
2024-06-17T22:40:28.876Z - Requested URL: /login
2024-06-17T22:40:30.719Z - Requested URL: /
2024-06-17T22:40:36.749Z - Requested URL: /
2024-06-17T22:40:37.781Z - Requested URL: /admin
2024-06-17T22:40:37.781Z - Admin page accessed
2024-06-17T22:40:39.271Z - Requested URL: /contact
2024-06-17T22:40:40.751Z - Requested URL: /login
2024-06-17T22:40:41.540Z - Requested URL: /login
2024-06-17T22:40:41.716Z - Requested URL: /login
2024-06-17T22:40:41.903Z - Requested URL: /login
2024-06-17T22:40:45.717Z - Requested URL: /login
2024-06-17T22:40:46.431Z - Requested URL: /filter
2024-06-17T22:40:51.343Z - Requested URL: /filter
2024-06-17T22:40:51.831Z - Requested URL: /login
2024-06-17T22:40:58.085Z - Requested URL: /login
2024-06-17T22:40:58.089Z - Requested URL: /login
2024-06-17T22:41:01.036Z - Requested URL: /login
2024-06-17T22:41:01.040Z - Requested URL: /login
2024-06-17T22:41:07.605Z - Requested URL: /contact
2024-06-17T22:42:08.607Z - Requested URL: /login
2024-06-17T22:42:12.525Z - Requested URL: /contact
2024-06-17T23:38:05.445Z - Server started on port 3306
2024-06-17T23:38:17.166Z - Server started on port 3000
2024-06-17T23:40:45.947Z - Requested URL: /
2024-06-17T23:40:52.583Z - Requested URL: /filter
2024-06-17T23:40:56.853Z - Requested URL: /filter
2024-06-17T23:40:57.582Z - Requested URL: /
2024-06-17T23:41:01.048Z - Requested URL: /filter
2024-06-17T23:41:03.511Z - Requested URL: /filter
2024-06-17T23:41:04.118Z - Requested URL: /filter
2024-06-17T23:41:04.302Z - Requested URL: /filter
2024-06-17T23:41:04.462Z - Requested URL: /filter
2024-06-17T23:41:09.135Z - Requested URL: /
2024-06-17T23:41:11.471Z - Requested URL: /admin
2024-06-17T23:41:11.474Z - Requested URL: /login
2024-06-17T23:41:23.453Z - Requested URL: /login
2024-06-17T23:41:23.459Z - Requested URL: /
2024-06-17T23:41:30.898Z - Requested URL: /login
2024-06-17T23:41:35.074Z - Requested URL: /admin
2024-06-17T23:41:35.074Z - Admin page accessed
2024-06-17T23:41:46.728Z - Requested URL: /
2024-06-17T23:42:00.192Z - Requested URL: /filter
2024-06-17T23:42:01.814Z - Requested URL: /login
2024-06-17T23:42:02.872Z - Requested URL: /contact
2024-06-17T23:42:09.486Z - Requested URL: /
2024-06-17T23:43:49.063Z - Requested URL: /login
2024-06-17T23:43:51.684Z - Requested URL: /login
2024-06-17T23:43:51.688Z - Requested URL: /
2024-06-17T23:43:53.581Z - Requested URL: /login
2024-06-17T23:43:56.405Z - Requested URL: /login
2024-06-17T23:43:56.407Z - Requested URL: /login
2024-06-17T23:44:00.261Z - Requested URL: /login
2024-06-17T23:44:00.264Z - Requested URL: /login
2024-06-17T23:44:03.656Z - Requested URL: /register
2024-06-17T23:44:11.109Z - Requested URL: /register
2024-06-17T23:44:11.115Z - Requested URL: /login
2024-06-17T23:44:14.076Z - Requested URL: /login
2024-06-17T23:44:14.079Z - Requested URL: /
2024-06-17T23:44:19.264Z - Requested URL: /admin
2024-06-17T23:44:19.267Z - Requested URL: /login
2024-06-17T23:44:21.367Z - Requested URL: /admin
2024-06-17T23:44:21.370Z - Requested URL: /login
2024-06-17T23:44:21.549Z - Requested URL: /admin
2024-06-17T23:44:21.551Z - Requested URL: /login
2024-06-17T23:44:21.727Z - Requested URL: /admin
2024-06-17T23:44:21.730Z - Requested URL: /login
2024-06-17T23:44:21.895Z - Requested URL: /admin
2024-06-17T23:44:21.898Z - Requested URL: /login
2024-06-17T23:44:24.711Z - Requested URL: /admin
2024-06-17T23:44:24.714Z - Requested URL: /login
2024-06-17T23:44:25.111Z - Requested URL: /admin
2024-06-17T23:44:25.114Z - Requested URL: /login
2024-06-17T23:44:25.296Z - Requested URL: /admin
2024-06-17T23:44:25.298Z - Requested URL: /login
2024-06-17T23:44:25.478Z - Requested URL: /admin
2024-06-17T23:44:25.481Z - Requested URL: /login
2024-06-17T23:44:25.702Z - Requested URL: /admin
2024-06-17T23:44:25.704Z - Requested URL: /login
2024-06-17T23:44:25.936Z - Requested URL: /admin
2024-06-17T23:44:25.939Z - Requested URL: /login
2024-06-17T23:44:30.660Z - Requested URL: /login
2024-06-17T23:44:30.664Z - Requested URL: /
2024-06-17T23:44:32.503Z - Requested URL: /admin
2024-06-17T23:44:32.506Z - Requested URL: /login
2024-06-17T23:45:05.423Z - Requested URL: /login
2024-06-17T23:45:05.426Z - Requested URL: /
2024-06-17T23:45:08.120Z - Requested URL: /admin
2024-06-17T23:45:08.120Z - Admin page accessed
2024-06-17T23:45:10.406Z - Requested URL: /admin
2024-06-17T23:45:10.407Z - Admin page accessed
2024-06-17T23:45:21.146Z - Requested URL: /admin
2024-06-17T23:45:21.147Z - Admin page accessed
2024-06-17T23:46:12.695Z - Requested URL: /admin/add
2024-06-17T23:46:12.701Z - News added: qwe
2024-06-17T23:46:12.703Z - Requested URL: /admin
2024-06-17T23:46:12.704Z - Admin page accessed
2024-06-17T23:47:21.615Z - Requested URL: /filter
2024-06-17T23:47:22.983Z - Requested URL: /filter
2024-06-17T23:47:23.165Z - Requested URL: /filter
2024-06-17T23:47:23.397Z - Requested URL: /filter
2024-06-17T23:47:31.422Z - Requested URL: /filter
2024-06-17T23:47:32.309Z - Requested URL: /login
2024-06-17T23:47:36.206Z - Requested URL: /login
2024-06-17T23:47:36.209Z - Requested URL: /
2024-06-17T23:47:37.911Z - Requested URL: /admin
2024-06-17T23:47:37.916Z - Requested URL: /login
2024-06-17T23:47:39.733Z - Requested URL: /admin
2024-06-17T23:47:39.736Z - Requested URL: /login
2024-06-17T23:47:39.909Z - Requested URL: /admin
2024-06-17T23:47:39.912Z - Requested URL: /login
2024-06-17T23:47:40.064Z - Requested URL: /admin
2024-06-17T23:47:40.067Z - Requested URL: /login
2024-06-17T23:47:40.231Z - Requested URL: /admin
2024-06-17T23:47:40.235Z - Requested URL: /login
2024-06-17T23:47:40.380Z - Requested URL: /admin
2024-06-17T23:47:40.383Z - Requested URL: /login
2024-06-17T23:47:45.415Z - Error: Not Found
2024-06-17T23:47:45.415Z - Requested URL: /qwqew
2024-06-17T23:47:47.710Z - Requested URL: /filter
2024-06-17T23:47:49.238Z - Requested URL: /login
2024-06-17T23:47:50.846Z - Requested URL: /contact
2024-06-17T23:47:58.278Z - Error: Not Found
2024-06-17T23:47:58.278Z - Requested URL: /contact
2024-06-17T23:48:03.751Z - Requested URL: /contact
2024-06-17T23:48:11.117Z - Requested URL: /contact
2024-06-17T23:48:11.117Z - Error: Not Found
2024-06-18T00:19:50.672Z - Server started on port 3000
2024-06-18T00:19:54.339Z - Requested URL: /
2024-06-18T00:20:08.583Z - Requested URL: /admin
2024-06-18T00:20:08.590Z - Requested URL: /login
2024-06-18T00:20:12.354Z - Requested URL: /login
2024-06-18T00:20:12.360Z - Requested URL: /login
2024-06-18T00:20:15.109Z - Requested URL: /login
2024-06-18T00:20:15.113Z - Requested URL: /login
2024-06-18T00:20:17.215Z - Requested URL: /register
2024-06-18T00:20:27.830Z - Requested URL: /register
2024-06-18T00:20:27.837Z - Requested URL: /login
2024-06-18T00:20:29.933Z - Requested URL: /login
2024-06-18T00:20:29.938Z - Requested URL: /
2024-06-18T00:20:33.351Z - Requested URL: /admin
2024-06-18T00:20:33.355Z - Requested URL: /login
2024-06-18T00:20:35.232Z - Requested URL: /admin
2024-06-18T00:20:35.236Z - Requested URL: /login
2024-06-18T00:20:38.767Z - Requested URL: /
2024-06-18T00:20:47.368Z - Requested URL: /
2024-06-18T00:20:51.991Z - Requested URL: /
2024-06-18T00:21:06.552Z - Requested URL: /admin
2024-06-18T00:21:06.555Z - Requested URL: /login
2024-06-18T00:21:26.062Z - Requested URL: /login
2024-06-18T00:21:26.066Z - Requested URL: /
2024-06-18T00:21:29.232Z - Requested URL: /admin
2024-06-18T00:21:29.232Z - Admin page accessed
2024-06-18T00:21:38.558Z - Requested URL: /admin/add
2024-06-18T00:21:38.566Z - News added: qwe
2024-06-18T00:21:38.569Z - Requested URL: /admin
2024-06-18T00:21:38.570Z - Admin page accessed
2024-06-18T00:21:48.280Z - Requested URL: /admin/edit
2024-06-18T00:21:48.289Z - News edited: qwe
2024-06-18T00:21:48.289Z - Old image deleted
2024-06-18T00:21:48.291Z - Requested URL: /admin
2024-06-18T00:21:48.292Z - Admin page accessed
2024-06-18T00:21:59.541Z - Requested URL: /admin/delete
2024-06-18T00:21:59.544Z - News deleted: 2
2024-06-18T00:21:59.545Z - Image deleted
2024-06-18T00:21:59.547Z - Requested URL: /admin
2024-06-18T00:21:59.548Z - Admin page accessed
2024-06-18T00:23:44.906Z - Server started on port 3000
2024-06-18T00:23:48.322Z - Requested URL: /
2024-06-18T00:23:48.630Z - Requested URL: /
2024-06-18T00:24:04.800Z - Requested URL: /news/1
2024-06-18T00:24:56.513Z - Server started on port 3000
2024-06-18T00:24:58.361Z - Requested URL: /
2024-06-18T00:25:00.119Z - Requested URL: /news/1
2024-06-18T00:25:09.297Z - Server started on port 3000
2024-06-18T00:25:09.333Z - Requested URL: /contact
2024-06-18T00:25:11.136Z - Requested URL: /contact
2024-06-18T00:25:17.974Z - Requested URL: /contact
2024-06-18T00:25:17.979Z - Requested URL: /login
2024-06-18T00:25:21.400Z - Requested URL: /filter
2024-06-18T00:25:23.423Z - Requested URL: /
2024-06-18T00:25:24.808Z - Requested URL: /filter
2024-06-18T00:25:25.254Z - Requested URL: /filter
2024-06-18T00:25:25.446Z - Requested URL: /filter
2024-06-18T00:25:25.623Z - Requested URL: /filter
2024-06-18T00:25:25.790Z - Requested URL: /filter
2024-06-18T00:26:34.334Z - Requested URL: /filter
2024-06-18T00:29:02.518Z - Server started on port 3000
2024-06-18T00:29:04.311Z - Requested URL: /filter
2024-06-18T00:29:05.230Z - Requested URL: /
2024-06-18T00:29:05.248Z - Requested URL: /public/js/main.js
2024-06-18T00:29:05.252Z - Requested URL: /login
2024-06-18T00:29:09.648Z - Requested URL: /admin
2024-06-18T00:29:09.652Z - Requested URL: /login
2024-06-18T00:29:20.616Z - Requested URL: /login
2024-06-18T00:29:20.620Z - Requested URL: /
2024-06-18T00:29:20.638Z - Requested URL: /public/js/main.js
2024-06-18T00:29:20.638Z - Error: Not Found
2024-06-18T00:29:23.290Z - Requested URL: /admin
2024-06-18T00:29:23.290Z - Admin page accessed
2024-06-18T00:29:35.297Z - Requested URL: /admin/add
2024-06-18T00:29:35.309Z - News added: ertertt
2024-06-18T00:29:35.312Z - Requested URL: /admin
2024-06-18T00:29:35.312Z - Admin page accessed
2024-06-18T00:29:49.345Z - Requested URL: /admin/add
2024-06-18T00:29:49.350Z - News added: erweg
2024-06-18T00:29:49.353Z - Requested URL: /admin
2024-06-18T00:29:49.353Z - Admin page accessed
2024-06-18T00:32:21.529Z - Server started on port 3000
2024-06-18T00:32:24.283Z - Requested URL: /admin
2024-06-18T00:32:24.289Z - Requested URL: /login
2024-06-18T00:32:36.862Z - Requested URL: /login
2024-06-18T00:32:36.868Z - Requested URL: /
2024-06-18T00:32:36.884Z - Requested URL: /public/js/main.js
2024-06-18T00:32:36.884Z - Error: Not Found
2024-06-18T00:36:07.669Z - Server started on port 3000
2024-06-18T00:36:09.907Z - Requested URL: /
2024-06-18T00:36:29.119Z - Requested URL: /filter
2024-06-18T00:36:30.343Z - Requested URL: /filter
2024-06-18T00:36:30.816Z - Requested URL: /filter
2024-06-18T00:36:31.013Z - Requested URL: /filter
2024-06-18T00:36:33.511Z - Requested URL: /login
2024-06-18T00:36:35.439Z - Requested URL: /contact
2024-06-18T00:36:37.221Z - Requested URL: /admin
2024-06-18T00:36:37.227Z - Requested URL: /login
2024-06-18T00:36:38.225Z - Requested URL: /
2024-06-18T00:36:40.256Z - Requested URL: /login
2024-06-18T00:36:41.128Z - Requested URL: /filter
2024-06-18T00:36:52.317Z - Requested URL: /filter
2024-06-18T00:36:56.032Z - Requested URL: /login
